# JRE version: OpenJDK Runtime Environment (8.0_112-b06) (build 1.8.0_112-release-b06)
# Java VM: OpenJDK 64-Bit Server VM (25.112-b06 mixed mode windows-amd64 compressed oops)
Heap:
 PSYoungGen      total 88576K, used 38852K [0x00000000e0000000, 0x00000000e5d00000, 0x0000000100000000)
  eden space 81920K, 39% used [0x00000000e0000000,0x00000000e1f769c0,0x00000000e5000000)
  from space 6656K, 99% used [0x00000000e5680000,0x00000000e5cfa660,0x00000000e5d00000)
  to   space 6656K, 0% used [0x00000000e5000000,0x00000000e5000000,0x00000000e5680000)
 ParOldGen       total 109568K, used 990K [0x00000000a0000000, 0x00000000a6b00000, 0x00000000e0000000)
  object space 109568K, 0% used [0x00000000a0000000,0x00000000a00f7978,0x00000000a6b00000)
 Metaspace       used 20133K, capacity 20552K, committed 20864K, reserved 1067008K
  class space    used 2731K, capacity 2846K, committed 2944K, reserved 1048576K
GC Heap History (4 events):
Event: 0.797 GC heap before
{Heap before GC invocations=1 (full 0):
 PSYoungGen      total 47616K, used 40960K [0x00000000e0000000, 0x00000000e3500000, 0x0000000100000000)
  eden space 40960K, 100% used [0x00000000e0000000,0x00000000e2800000,0x00000000e2800000)
  from space 6656K, 0% used [0x00000000e2e80000,0x00000000e2e80000,0x00000000e3500000)
  to   space 6656K, 0% used [0x00000000e2800000,0x00000000e2800000,0x00000000e2e80000)
 ParOldGen       total 109568K, used 0K [0x00000000a0000000, 0x00000000a6b00000, 0x00000000e0000000)
  object space 109568K, 0% used [0x00000000a0000000,0x00000000a0000000,0x00000000a6b00000)
 Metaspace       used 6991K, capacity 7232K, committed 7424K, reserved 1056768K
  class space    used 878K, capacity 960K, committed 1024K, reserved 1048576K
Event: 0.806 GC heap after
Heap after GC invocations=1 (full 0):
 PSYoungGen      total 47616K, used 5021K [0x00000000e0000000, 0x00000000e5d00000, 0x0000000100000000)
  eden space 40960K, 0% used [0x00000000e0000000,0x00000000e0000000,0x00000000e2800000)
  from space 6656K, 75% used [0x00000000e2800000,0x00000000e2ce7448,0x00000000e2e80000)
  to   space 6656K, 0% used [0x00000000e5680000,0x00000000e5680000,0x00000000e5d00000)
 ParOldGen       total 109568K, used 16K [0x00000000a0000000, 0x00000000a6b00000, 0x00000000e0000000)
  object space 109568K, 0% used [0x00000000a0000000,0x00000000a0004000,0x00000000a6b00000)
 Metaspace       used 6991K, capacity 7232K, committed 7424K, reserved 1056768K
  class space    used 878K, capacity 960K, committed 1024K, reserved 1048576K
}
Event: 1.686 GC heap before
{Heap before GC invocations=2 (full 0):
 PSYoungGen      total 47616K, used 45981K [0x00000000e0000000, 0x00000000e5d00000, 0x0000000100000000)
  eden space 40960K, 100% used [0x00000000e0000000,0x00000000e2800000,0x00000000e2800000)
  from space 6656K, 75% used [0x00000000e2800000,0x00000000e2ce7448,0x00000000e2e80000)
  to   space 6656K, 0% used [0x00000000e5680000,0x00000000e5680000,0x00000000e5d00000)
 ParOldGen       total 109568K, used 16K [0x00000000a0000000, 0x00000000a6b00000, 0x00000000e0000000)
  object space 109568K, 0% used [0x00000000a0000000,0x00000000a0004000,0x00000000a6b00000)
 Metaspace       used 14451K, capacity 14726K, committed 14976K, reserved 1062912K
  class space    used 1967K, capacity 2062K, committed 2176K, reserved 1048576K
Event: 1.697 GC heap after
Heap after GC invocations=2 (full 0):
 PSYoungGen      total 88576K, used 6633K [0x00000000e0000000, 0x00000000e5d00000, 0x0000000100000000)
  eden space 81920K, 0% used [0x00000000e0000000,0x00000000e0000000,0x00000000e5000000)
  from space 6656K, 99% used [0x00000000e5680000,0x00000000e5cfa660,0x00000000e5d00000)
  to   space 6656K, 0% used [0x00000000e5000000,0x00000000e5000000,0x00000000e5680000)
 ParOldGen       total 109568K, used 990K [0x00000000a0000000, 0x00000000a6b00000, 0x00000000e0000000)
  object space 109568K, 0% used [0x00000000a0000000,0x00000000a00f7978,0x00000000a6b00000)
 Metaspace       used 14451K, capacity 14726K, committed 14976K, reserved 1062912K
  class space    used 1967K, capacity 2062K, committed 2176K, reserved 1048576K
}

